[2019-11-28 16:14:05.873] [renderer1] [error] Error: [File Watcher (nsfw)] Inotify limit reached (ENOSPC)
[2019-11-28 16:14:05.910] [renderer1] [error] [File Watcher (nsfw)] Inotify limit reached (ENOSPC)
[2019-11-28 16:22:53.110] [renderer1] [error] <semantic> TypeScript Server Error (3.6.3)
Cannot read property 'length' of undefined
TypeError: Cannot read property 'length' of undefined
    at Object.find (tsserver.js:385:35)
    at getReferencedSymbolsForModuleIfDeclaredBySourceFile (tsserver.js:105722:78)
    at Object.getReferencedSymbolsForNode (tsserver.js:105700:40)
    at Object.getReferenceEntriesForNode (tsserver.js:105434:58)
    at getSemanticDocumentHighlights (tsserver.js:104124:57)
    at Object.getDocumentHighlights (tsserver.js:104112:20)
    at Object.getDocumentHighlights (tsserver.js:125655:42)
    at IOSession.Session.getDocumentHighlights (tsserver.js:134406:71)
    at Session.handlers.ts.createMapFromTemplate._a.<computed> (tsserver.js:133830:61)
    at tsserver.js:135256:88
    at IOSession.Session.executeWithRequestId (tsserver.js:135247:28)
    at IOSession.Session.executeCommand (tsserver.js:135256:33)
    at IOSession.Session.onMessage (tsserver.js:135279:35)
    at Interface.<anonymous> (tsserver.js:136594:27)
    at Interface.emit (events.js:200:13)
    at Interface._onLine (readline.js:314:10)
    at Interface._normalWrite (readline.js:459:12)
    at Socket.ondata (readline.js:170:10)
    at Socket.emit (events.js:200:13)
    at addChunk (_stream_readable.js:294:12)
    at readableAddChunk (_stream_readable.js:275:11)
    at Socket.Readable.push (_stream_readable.js:210:10)
    at Pipe.onStreamRead (internal/stream_base_commons.js:166:17): Error: <semantic> TypeScript Server Error (3.6.3)
Cannot read property 'length' of undefined
TypeError: Cannot read property 'length' of undefined
    at Object.find (tsserver.js:385:35)
    at getReferencedSymbolsForModuleIfDeclaredBySourceFile (tsserver.js:105722:78)
    at Object.getReferencedSymbolsForNode (tsserver.js:105700:40)
    at Object.getReferenceEntriesForNode (tsserver.js:105434:58)
    at getSemanticDocumentHighlights (tsserver.js:104124:57)
    at Object.getDocumentHighlights (tsserver.js:104112:20)
    at Object.getDocumentHighlights (tsserver.js:125655:42)
    at IOSession.Session.getDocumentHighlights (tsserver.js:134406:71)
    at Session.handlers.ts.createMapFromTemplate._a.<computed> (tsserver.js:133830:61)
    at tsserver.js:135256:88
    at IOSession.Session.executeWithRequestId (tsserver.js:135247:28)
    at IOSession.Session.executeCommand (tsserver.js:135256:33)
    at IOSession.Session.onMessage (tsserver.js:135279:35)
    at Interface.<anonymous> (tsserver.js:136594:27)
    at Interface.emit (events.js:200:13)
    at Interface._onLine (readline.js:314:10)
    at Interface._normalWrite (readline.js:459:12)
    at Socket.ondata (readline.js:170:10)
    at Socket.emit (events.js:200:13)
    at addChunk (_stream_readable.js:294:12)
    at readableAddChunk (_stream_readable.js:275:11)
    at Socket.Readable.push (_stream_readable.js:210:10)
    at Pipe.onStreamRead (internal/stream_base_commons.js:166:17)
	at Function.create (/snap/code/20/usr/share/code/resources/app/extensions/typescript-language-features/dist/extension.js:53:63732)
	at h.dispatchResponse (/snap/code/20/usr/share/code/resources/app/extensions/typescript-language-features/dist/extension.js:53:56670)
	at h.dispatchMessage (/snap/code/20/usr/share/code/resources/app/extensions/typescript-language-features/dist/extension.js:53:55568)
	at /snap/code/20/usr/share/code/resources/app/extensions/typescript-language-features/dist/extension.js:53:55044
	at l.fire (/snap/code/20/usr/share/code/resources/app/out/vs/workbench/services/extensions/node/extensionHostProcess.js:47:207)
	at t.Reader.onLengthData (/snap/code/20/usr/share/code/resources/app/extensions/typescript-language-features/dist/extension.js:53:61946)
	at Socket.<anonymous> (/snap/code/20/usr/share/code/resources/app/extensions/typescript-language-features/dist/extension.js:53:61594)
	at Socket.emit (events.js:200:13)
	at addChunk (_stream_readable.js:294:12)
	at readableAddChunk (_stream_readable.js:275:11)
	at Socket.Readable.push (_stream_readable.js:210:10)
	at Pipe.onStreamRead (internal/stream_base_commons.js:166:17)
[2019-11-28 16:23:20.891] [renderer1] [error] <semantic> TypeScript Server Error (3.6.3)
Cannot read property 'length' of undefined
TypeError: Cannot read property 'length' of undefined
    at Object.find (tsserver.js:385:35)
    at getReferencedSymbolsForModuleIfDeclaredBySourceFile (tsserver.js:105722:78)
    at Object.getReferencedSymbolsForNode (tsserver.js:105700:40)
    at Object.getReferenceEntriesForNode (tsserver.js:105434:58)
    at getSemanticDocumentHighlights (tsserver.js:104124:57)
    at Object.getDocumentHighlights (tsserver.js:104112:20)
    at Object.getDocumentHighlights (tsserver.js:125655:42)
    at IOSession.Session.getDocumentHighlights (tsserver.js:134406:71)
    at Session.handlers.ts.createMapFromTemplate._a.<computed> (tsserver.js:133830:61)
    at tsserver.js:135256:88
    at IOSession.Session.executeWithRequestId (tsserver.js:135247:28)
    at IOSession.Session.executeCommand (tsserver.js:135256:33)
    at IOSession.Session.onMessage (tsserver.js:135279:35)
    at Interface.<anonymous> (tsserver.js:136594:27)
    at Interface.emit (events.js:200:13)
    at Interface._onLine (readline.js:314:10)
    at Interface._normalWrite (readline.js:459:12)
    at Socket.ondata (readline.js:170:10)
    at Socket.emit (events.js:200:13)
    at addChunk (_stream_readable.js:294:12)
    at readableAddChunk (_stream_readable.js:275:11)
    at Socket.Readable.push (_stream_readable.js:210:10)
    at Pipe.onStreamRead (internal/stream_base_commons.js:166:17): Error: <semantic> TypeScript Server Error (3.6.3)
Cannot read property 'length' of undefined
TypeError: Cannot read property 'length' of undefined
    at Object.find (tsserver.js:385:35)
    at getReferencedSymbolsForModuleIfDeclaredBySourceFile (tsserver.js:105722:78)
    at Object.getReferencedSymbolsForNode (tsserver.js:105700:40)
    at Object.getReferenceEntriesForNode (tsserver.js:105434:58)
    at getSemanticDocumentHighlights (tsserver.js:104124:57)
    at Object.getDocumentHighlights (tsserver.js:104112:20)
    at Object.getDocumentHighlights (tsserver.js:125655:42)
    at IOSession.Session.getDocumentHighlights (tsserver.js:134406:71)
    at Session.handlers.ts.createMapFromTemplate._a.<computed> (tsserver.js:133830:61)
    at tsserver.js:135256:88
    at IOSession.Session.executeWithRequestId (tsserver.js:135247:28)
    at IOSession.Session.executeCommand (tsserver.js:135256:33)
    at IOSession.Session.onMessage (tsserver.js:135279:35)
    at Interface.<anonymous> (tsserver.js:136594:27)
    at Interface.emit (events.js:200:13)
    at Interface._onLine (readline.js:314:10)
    at Interface._normalWrite (readline.js:459:12)
    at Socket.ondata (readline.js:170:10)
    at Socket.emit (events.js:200:13)
    at addChunk (_stream_readable.js:294:12)
    at readableAddChunk (_stream_readable.js:275:11)
    at Socket.Readable.push (_stream_readable.js:210:10)
    at Pipe.onStreamRead (internal/stream_base_commons.js:166:17)
	at Function.create (/snap/code/20/usr/share/code/resources/app/extensions/typescript-language-features/dist/extension.js:53:63732)
	at h.dispatchResponse (/snap/code/20/usr/share/code/resources/app/extensions/typescript-language-features/dist/extension.js:53:56670)
	at h.dispatchMessage (/snap/code/20/usr/share/code/resources/app/extensions/typescript-language-features/dist/extension.js:53:55568)
	at /snap/code/20/usr/share/code/resources/app/extensions/typescript-language-features/dist/extension.js:53:55044
	at l.fire (/snap/code/20/usr/share/code/resources/app/out/vs/workbench/services/extensions/node/extensionHostProcess.js:47:207)
	at t.Reader.onLengthData (/snap/code/20/usr/share/code/resources/app/extensions/typescript-language-features/dist/extension.js:53:61946)
	at Socket.<anonymous> (/snap/code/20/usr/share/code/resources/app/extensions/typescript-language-features/dist/extension.js:53:61594)
	at Socket.emit (events.js:200:13)
	at addChunk (_stream_readable.js:294:12)
	at readableAddChunk (_stream_readable.js:275:11)
	at Socket.Readable.push (_stream_readable.js:210:10)
	at Pipe.onStreamRead (internal/stream_base_commons.js:166:17)
[2019-11-28 16:23:26.734] [renderer1] [error] <semantic> TypeScript Server Error (3.6.3)
Cannot read property 'length' of undefined
TypeError: Cannot read property 'length' of undefined
    at Object.find (tsserver.js:385:35)
    at getReferencedSymbolsForModuleIfDeclaredBySourceFile (tsserver.js:105722:78)
    at Object.getReferencedSymbolsForNode (tsserver.js:105700:40)
    at Object.getReferenceEntriesForNode (tsserver.js:105434:58)
    at getSemanticDocumentHighlights (tsserver.js:104124:57)
    at Object.getDocumentHighlights (tsserver.js:104112:20)
    at Object.getDocumentHighlights (tsserver.js:125655:42)
    at IOSession.Session.getDocumentHighlights (tsserver.js:134406:71)
    at Session.handlers.ts.createMapFromTemplate._a.<computed> (tsserver.js:133830:61)
    at tsserver.js:135256:88
    at IOSession.Session.executeWithRequestId (tsserver.js:135247:28)
    at IOSession.Session.executeCommand (tsserver.js:135256:33)
    at IOSession.Session.onMessage (tsserver.js:135279:35)
    at Interface.<anonymous> (tsserver.js:136594:27)
    at Interface.emit (events.js:200:13)
    at Interface._onLine (readline.js:314:10)
    at Interface._normalWrite (readline.js:459:12)
    at Socket.ondata (readline.js:170:10)
    at Socket.emit (events.js:200:13)
    at addChunk (_stream_readable.js:294:12)
    at readableAddChunk (_stream_readable.js:275:11)
    at Socket.Readable.push (_stream_readable.js:210:10)
    at Pipe.onStreamRead (internal/stream_base_commons.js:166:17): Error: <semantic> TypeScript Server Error (3.6.3)
Cannot read property 'length' of undefined
TypeError: Cannot read property 'length' of undefined
    at Object.find (tsserver.js:385:35)
    at getReferencedSymbolsForModuleIfDeclaredBySourceFile (tsserver.js:105722:78)
    at Object.getReferencedSymbolsForNode (tsserver.js:105700:40)
    at Object.getReferenceEntriesForNode (tsserver.js:105434:58)
    at getSemanticDocumentHighlights (tsserver.js:104124:57)
    at Object.getDocumentHighlights (tsserver.js:104112:20)
    at Object.getDocumentHighlights (tsserver.js:125655:42)
    at IOSession.Session.getDocumentHighlights (tsserver.js:134406:71)
    at Session.handlers.ts.createMapFromTemplate._a.<computed> (tsserver.js:133830:61)
    at tsserver.js:135256:88
    at IOSession.Session.executeWithRequestId (tsserver.js:135247:28)
    at IOSession.Session.executeCommand (tsserver.js:135256:33)
    at IOSession.Session.onMessage (tsserver.js:135279:35)
    at Interface.<anonymous> (tsserver.js:136594:27)
    at Interface.emit (events.js:200:13)
    at Interface._onLine (readline.js:314:10)
    at Interface._normalWrite (readline.js:459:12)
    at Socket.ondata (readline.js:170:10)
    at Socket.emit (events.js:200:13)
    at addChunk (_stream_readable.js:294:12)
    at readableAddChunk (_stream_readable.js:275:11)
    at Socket.Readable.push (_stream_readable.js:210:10)
    at Pipe.onStreamRead (internal/stream_base_commons.js:166:17)
	at Function.create (/snap/code/20/usr/share/code/resources/app/extensions/typescript-language-features/dist/extension.js:53:63732)
	at h.dispatchResponse (/snap/code/20/usr/share/code/resources/app/extensions/typescript-language-features/dist/extension.js:53:56670)
	at h.dispatchMessage (/snap/code/20/usr/share/code/resources/app/extensions/typescript-language-features/dist/extension.js:53:55568)
	at /snap/code/20/usr/share/code/resources/app/extensions/typescript-language-features/dist/extension.js:53:55044
	at l.fire (/snap/code/20/usr/share/code/resources/app/out/vs/workbench/services/extensions/node/extensionHostProcess.js:47:207)
	at t.Reader.onLengthData (/snap/code/20/usr/share/code/resources/app/extensions/typescript-language-features/dist/extension.js:53:61946)
	at Socket.<anonymous> (/snap/code/20/usr/share/code/resources/app/extensions/typescript-language-features/dist/extension.js:53:61594)
	at Socket.emit (events.js:200:13)
	at addChunk (_stream_readable.js:294:12)
	at readableAddChunk (_stream_readable.js:275:11)
	at Socket.Readable.push (_stream_readable.js:210:10)
	at Pipe.onStreamRead (internal/stream_base_commons.js:166:17)
[2019-11-28 16:24:38.833] [renderer1] [error] <semantic> TypeScript Server Error (3.6.3)
Cannot read property 'length' of undefined
TypeError: Cannot read property 'length' of undefined
    at Object.find (tsserver.js:385:35)
    at getReferencedSymbolsForModuleIfDeclaredBySourceFile (tsserver.js:105722:78)
    at Object.getReferencedSymbolsForNode (tsserver.js:105700:40)
    at Object.getReferenceEntriesForNode (tsserver.js:105434:58)
    at getSemanticDocumentHighlights (tsserver.js:104124:57)
    at Object.getDocumentHighlights (tsserver.js:104112:20)
    at Object.getDocumentHighlights (tsserver.js:125655:42)
    at IOSession.Session.getDocumentHighlights (tsserver.js:134406:71)
    at Session.handlers.ts.createMapFromTemplate._a.<computed> (tsserver.js:133830:61)
    at tsserver.js:135256:88
    at IOSession.Session.executeWithRequestId (tsserver.js:135247:28)
    at IOSession.Session.executeCommand (tsserver.js:135256:33)
    at IOSession.Session.onMessage (tsserver.js:135279:35)
    at Interface.<anonymous> (tsserver.js:136594:27)
    at Interface.emit (events.js:200:13)
    at Interface._onLine (readline.js:314:10)
    at Interface._normalWrite (readline.js:459:12)
    at Socket.ondata (readline.js:170:10)
    at Socket.emit (events.js:200:13)
    at addChunk (_stream_readable.js:294:12)
    at readableAddChunk (_stream_readable.js:275:11)
    at Socket.Readable.push (_stream_readable.js:210:10)
    at Pipe.onStreamRead (internal/stream_base_commons.js:166:17): Error: <semantic> TypeScript Server Error (3.6.3)
Cannot read property 'length' of undefined
TypeError: Cannot read property 'length' of undefined
    at Object.find (tsserver.js:385:35)
    at getReferencedSymbolsForModuleIfDeclaredBySourceFile (tsserver.js:105722:78)
    at Object.getReferencedSymbolsForNode (tsserver.js:105700:40)
    at Object.getReferenceEntriesForNode (tsserver.js:105434:58)
    at getSemanticDocumentHighlights (tsserver.js:104124:57)
    at Object.getDocumentHighlights (tsserver.js:104112:20)
    at Object.getDocumentHighlights (tsserver.js:125655:42)
    at IOSession.Session.getDocumentHighlights (tsserver.js:134406:71)
    at Session.handlers.ts.createMapFromTemplate._a.<computed> (tsserver.js:133830:61)
    at tsserver.js:135256:88
    at IOSession.Session.executeWithRequestId (tsserver.js:135247:28)
    at IOSession.Session.executeCommand (tsserver.js:135256:33)
    at IOSession.Session.onMessage (tsserver.js:135279:35)
    at Interface.<anonymous> (tsserver.js:136594:27)
    at Interface.emit (events.js:200:13)
    at Interface._onLine (readline.js:314:10)
    at Interface._normalWrite (readline.js:459:12)
    at Socket.ondata (readline.js:170:10)
    at Socket.emit (events.js:200:13)
    at addChunk (_stream_readable.js:294:12)
    at readableAddChunk (_stream_readable.js:275:11)
    at Socket.Readable.push (_stream_readable.js:210:10)
    at Pipe.onStreamRead (internal/stream_base_commons.js:166:17)
	at Function.create (/snap/code/20/usr/share/code/resources/app/extensions/typescript-language-features/dist/extension.js:53:63732)
	at h.dispatchResponse (/snap/code/20/usr/share/code/resources/app/extensions/typescript-language-features/dist/extension.js:53:56670)
	at h.dispatchMessage (/snap/code/20/usr/share/code/resources/app/extensions/typescript-language-features/dist/extension.js:53:55568)
	at /snap/code/20/usr/share/code/resources/app/extensions/typescript-language-features/dist/extension.js:53:55044
	at l.fire (/snap/code/20/usr/share/code/resources/app/out/vs/workbench/services/extensions/node/extensionHostProcess.js:47:207)
	at t.Reader.onLengthData (/snap/code/20/usr/share/code/resources/app/extensions/typescript-language-features/dist/extension.js:53:61946)
	at Socket.<anonymous> (/snap/code/20/usr/share/code/resources/app/extensions/typescript-language-features/dist/extension.js:53:61594)
	at Socket.emit (events.js:200:13)
	at addChunk (_stream_readable.js:294:12)
	at readableAddChunk (_stream_readable.js:275:11)
	at Socket.Readable.push (_stream_readable.js:210:10)
	at Pipe.onStreamRead (internal/stream_base_commons.js:166:17)
[2019-11-28 16:32:37.485] [renderer1] [error] <semantic> TypeScript Server Error (3.6.3)
Cannot read property 'length' of undefined
TypeError: Cannot read property 'length' of undefined
    at Object.find (tsserver.js:385:35)
    at getReferencedSymbolsForModuleIfDeclaredBySourceFile (tsserver.js:105722:78)
    at Object.getReferencedSymbolsForNode (tsserver.js:105700:40)
    at Object.getReferenceEntriesForNode (tsserver.js:105434:58)
    at getSemanticDocumentHighlights (tsserver.js:104124:57)
    at Object.getDocumentHighlights (tsserver.js:104112:20)
    at Object.getDocumentHighlights (tsserver.js:125655:42)
    at IOSession.Session.getDocumentHighlights (tsserver.js:134406:71)
    at Session.handlers.ts.createMapFromTemplate._a.<computed> (tsserver.js:133830:61)
    at tsserver.js:135256:88
    at IOSession.Session.executeWithRequestId (tsserver.js:135247:28)
    at IOSession.Session.executeCommand (tsserver.js:135256:33)
    at IOSession.Session.onMessage (tsserver.js:135279:35)
    at Interface.<anonymous> (tsserver.js:136594:27)
    at Interface.emit (events.js:200:13)
    at Interface._onLine (readline.js:314:10)
    at Interface._normalWrite (readline.js:459:12)
    at Socket.ondata (readline.js:170:10)
    at Socket.emit (events.js:200:13)
    at addChunk (_stream_readable.js:294:12)
    at readableAddChunk (_stream_readable.js:275:11)
    at Socket.Readable.push (_stream_readable.js:210:10)
    at Pipe.onStreamRead (internal/stream_base_commons.js:166:17): Error: <semantic> TypeScript Server Error (3.6.3)
Cannot read property 'length' of undefined
TypeError: Cannot read property 'length' of undefined
    at Object.find (tsserver.js:385:35)
    at getReferencedSymbolsForModuleIfDeclaredBySourceFile (tsserver.js:105722:78)
    at Object.getReferencedSymbolsForNode (tsserver.js:105700:40)
    at Object.getReferenceEntriesForNode (tsserver.js:105434:58)
    at getSemanticDocumentHighlights (tsserver.js:104124:57)
    at Object.getDocumentHighlights (tsserver.js:104112:20)
    at Object.getDocumentHighlights (tsserver.js:125655:42)
    at IOSession.Session.getDocumentHighlights (tsserver.js:134406:71)
    at Session.handlers.ts.createMapFromTemplate._a.<computed> (tsserver.js:133830:61)
    at tsserver.js:135256:88
    at IOSession.Session.executeWithRequestId (tsserver.js:135247:28)
    at IOSession.Session.executeCommand (tsserver.js:135256:33)
    at IOSession.Session.onMessage (tsserver.js:135279:35)
    at Interface.<anonymous> (tsserver.js:136594:27)
    at Interface.emit (events.js:200:13)
    at Interface._onLine (readline.js:314:10)
    at Interface._normalWrite (readline.js:459:12)
    at Socket.ondata (readline.js:170:10)
    at Socket.emit (events.js:200:13)
    at addChunk (_stream_readable.js:294:12)
    at readableAddChunk (_stream_readable.js:275:11)
    at Socket.Readable.push (_stream_readable.js:210:10)
    at Pipe.onStreamRead (internal/stream_base_commons.js:166:17)
	at Function.create (/snap/code/20/usr/share/code/resources/app/extensions/typescript-language-features/dist/extension.js:53:63732)
	at h.dispatchResponse (/snap/code/20/usr/share/code/resources/app/extensions/typescript-language-features/dist/extension.js:53:56670)
	at h.dispatchMessage (/snap/code/20/usr/share/code/resources/app/extensions/typescript-language-features/dist/extension.js:53:55568)
	at /snap/code/20/usr/share/code/resources/app/extensions/typescript-language-features/dist/extension.js:53:55044
	at l.fire (/snap/code/20/usr/share/code/resources/app/out/vs/workbench/services/extensions/node/extensionHostProcess.js:47:207)
	at t.Reader.onLengthData (/snap/code/20/usr/share/code/resources/app/extensions/typescript-language-features/dist/extension.js:53:61946)
	at Socket.<anonymous> (/snap/code/20/usr/share/code/resources/app/extensions/typescript-language-features/dist/extension.js:53:61594)
	at Socket.emit (events.js:200:13)
	at addChunk (_stream_readable.js:294:12)
	at readableAddChunk (_stream_readable.js:275:11)
	at Socket.Readable.push (_stream_readable.js:210:10)
	at Pipe.onStreamRead (internal/stream_base_commons.js:166:17)
