Looking for git in: git
Using git 2.17.1 from git
> git rev-parse --show-toplevel
> git rev-parse --git-dir
Open repository: /home/saneeyaiqbal/Desktop/React/Sudoku
> git status -z -u
> git symbolic-ref --short HEAD
> git rev-parse master
fatal: ambiguous argument 'master': unknown revision or path not in the working tree.
Use '--' to separate paths from revisions, like this:
'git <command> [<revision>...] -- [<file>...]'
> git for-each-ref --format %(refname) %(objectname) --sort -committerdate
> git remote --verbose
> git config --get commit.template
> git rev-parse --show-toplevel
> git rev-parse --git-dir
Open repository: /home/saneeyaiqbal/Desktop/React/Calculator
> git status -z -u
> git symbolic-ref --short HEAD
> git rev-parse master
> git rev-parse --symbolic-full-name master@{u}
> git rev-list --left-right master...refs/remotes/origin/master
> git for-each-ref --format %(refname) %(objectname) --sort -committerdate
> git remote --verbose
> git config --get commit.template
> git check-ignore -v -z --stdin
> git check-ignore -v -z --stdin
> git check-ignore -v -z --stdin
> git check-ignore -v -z --stdin
> git check-ignore -v -z --stdin
> git show :calci/src/App.js
> git show :sudoku/src/App.js
> git ls-files --stage -- sudoku/src/
> git show :sudoku/src/App.css
> git ls-files --stage -- sudoku/src/
> git show :sudoku/src/App.js
> git ls-files --stage -- sudoku/src/
> git show :sudoku/src/App.css
> git ls-files --stage -- sudoku/src/
> git show :sudoku/src/App.js
> git ls-files --stage -- sudoku/src/
> git show :calci/src/App.js
> git show :sudoku/src/App.js
> git ls-files --stage -- sudoku/src/
> git show :calci/src/App.js
> git show :sudoku/src/App.js
> git ls-files --stage -- sudoku/src/
> git show :calci/src/App.js
> git show :sudoku/src/App.js
> git ls-files --stage -- sudoku/src/
> git show :calci/src/App.js
> git show :sudoku/src/App.js
> git ls-files --stage -- sudoku/src/
> git show :calci/src/App.js
> git show :sudoku/src/App.js
> git ls-files --stage -- sudoku/src/
> git show :calci/src/App.js
> git show :sudoku/src/App.js
> git ls-files --stage -- sudoku/src/
> git show :calci/src/App.js
> git show :sudoku/src/App.js
> git ls-files --stage -- sudoku/src/
> git show :calci/src/App.js
> git show :sudoku/src/App.js
> git ls-files --stage -- sudoku/src/
> git show :calci/src/App.js
> git show :sudoku/src/App.js
> git ls-files --stage -- sudoku/src/
> git show :calci/src/App.js
> git show :sudoku/src/App.js
> git ls-files --stage -- sudoku/src/
> git show :calci/src/App.js
> git show :sudoku/src/App.js
> git ls-files --stage -- sudoku/src/
> git show :calci/src/App.js
> git show :sudoku/src/App.css
> git ls-files --stage -- sudoku/src/
> git show :sudoku/src/App.js
> git ls-files --stage -- sudoku/src/
> git show :calci/src/App.js
> git show :sudoku/src/App.css
> git ls-files --stage -- sudoku/src/
> git show :sudoku/src/App.js
> git ls-files --stage -- sudoku/src/
> git show :sudoku/src/App.css
> git ls-files --stage -- sudoku/src/
> git show :sudoku/src/App.js
> git ls-files --stage -- sudoku/src/
> git show :sudoku/src/App.css
> git ls-files --stage -- sudoku/src/
> git show :sudoku/src/App.js
> git ls-files --stage -- sudoku/src/
> git show :sudoku/src/App.css
> git ls-files --stage -- sudoku/src/
> git show :sudoku/src/App.js
> git ls-files --stage -- sudoku/src/
> git show :sudoku/src/App.js
> git status -z -u
> git symbolic-ref --short HEAD
> git rev-parse master
> git rev-parse --symbolic-full-name master@{u}
> git rev-list --left-right master...refs/remotes/origin/master
> git for-each-ref --format %(refname) %(objectname) --sort -committerdate
> git remote --verbose
> git config --get commit.template
> git status -z -u
> git symbolic-ref --short HEAD
> git rev-parse master
> git rev-parse --symbolic-full-name master@{u}
> git rev-list --left-right master...refs/remotes/origin/master
> git for-each-ref --format %(refname) %(objectname) --sort -committerdate
> git remote --verbose
> git config --get commit.template
